2026/03/17 17:34:01 Started Launch Tool 2.0.7
2026/03/17 17:34:01 Started as PID 4792
2026/03/17 17:34:01 Started with arguments []string{"C:\\Users\\BEA2OFO\\Infineon\\Tools\\MCU-Config-Wizard\\2.7.6.202506301149\\resources\\launch-tool.exe", "C:\\Users\\BEA2OFO\\repos\\arch-source-code\\source_code\\ecp-001\\swcs\\mcu\\dev\\pltf\\tle_dfp\\icw_ocn.xml", "-q", "-ddevice=TLE9893_2QKW62S", "-x"}
2026/03/17 17:34:01 Started in directory C:\Users\BEA2OFO\repos\arch-source-code\source_code\ecp-001\swcs\mcu
2026/03/17 17:34:01 Reading tool data
2026/03/17 17:34:01 Reading "C:\\Users\\BEA2OFO\\Infineon\\Tools\\MCU-Config-Wizard\\2.7.6.202506301149\\resources\\tool-details.json"
2026/03/17 17:34:01 Validating tool data
2026/03/17 17:34:01 Starting tool &main.Tool{FeatureID:"com.ifx.tb.tool.ifxconfigwizardforembeddedpowerics", Title:"Infineon MCU Configuration Wizard", Version:"2.7.6.202506301149", Path:"C:\\Users\\BEA2OFO\\Infineon\\Tools\\MCU-Config-Wizard\\2.7.6.202506301149\\/ConfigWizard.exe"}
2026/03/17 17:34:01 Starting "C:\\Users\\BEA2OFO\\Infineon\\Tools\\MCU-Config-Wizard\\2.7.6.202506301149\\/ConfigWizard.exe" with arguments []string{"C:\\Users\\BEA2OFO\\repos\\arch-source-code\\source_code\\ecp-001\\swcs\\mcu\\dev\\pltf\\tle_dfp\\icw_ocn.xml", "-q", "-ddevice=TLE9893_2QKW62S", "-x"}
2026/03/17 17:34:01 Starting "C:\\Users\\BEA2OFO\\Infineon\\Tools\\MCU-Config-Wizard\\2.7.6.202506301149\\/ConfigWizard.exe" in directory "C:\\Users\\BEA2OFO\\Infineon\\Tools\\MCU-Config-Wizard\\2.7.6.202506301149"
2026/03/17 17:34:01 Started "C:\\Users\\BEA2OFO\\Infineon\\Tools\\MCU-Config-Wizard\\2.7.6.202506301149\\/ConfigWizard.exe" as PID 20456
2026/03/17 17:34:01 Starting Launcher Service
2026/03/17 17:34:01 Starting "C:\\Users\\BEA2OFO\\Infineon\\LauncherService\\idc-launcher-service.exe" with arguments []string{"-featureid", "com.ifx.tb.tool.ifxconfigwizardforembeddedpowerics:2.7.6.202506301149", "-notification", "-toolbox.service", "checkUpdate com.ifx.tb.tool.ifxconfigwizardforembeddedpowerics"}
2026/03/17 17:34:01 Starting "C:\\Users\\BEA2OFO\\Infineon\\LauncherService\\idc-launcher-service.exe" in directory "C:\\Users\\BEA2OFO\\Infineon\\LauncherService"
2026/03/17 17:34:01 Started "C:\\Users\\BEA2OFO\\Infineon\\LauncherService\\idc-launcher-service.exe" as PID 5244
2026/03/17 17:34:02 Started Launch Tool 2.0.7
2026/03/17 17:34:02 Started as PID 9088
2026/03/17 17:34:02 Started with arguments []string{"C:\\Users\\BEA2OFO\\Infineon\\Tools\\MCU-Config-Wizard\\2.7.6.202506301149\\resources\\launch-tool.exe", "C:\\Users\\BEA2OFO\\repos\\arch-source-code\\source_code\\ecp-001\\swcs\\mcu\\dev\\cfg\\tle_dfp\\config.icwp", "-q", "-ddevice=TLE9893_2QKW62S"}
2026/03/17 17:34:02 Started in directory C:\Users\BEA2OFO\repos\arch-source-code\source_code\ecp-001\swcs\mcu
2026/03/17 17:34:02 Reading tool data
2026/03/17 17:34:02 Reading "C:\\Users\\BEA2OFO\\Infineon\\Tools\\MCU-Config-Wizard\\2.7.6.202506301149\\resources\\tool-details.json"
2026/03/17 17:34:02 Validating tool data
2026/03/17 17:34:02 Starting tool &main.Tool{FeatureID:"com.ifx.tb.tool.ifxconfigwizardforembeddedpowerics", Title:"Infineon MCU Configuration Wizard", Version:"2.7.6.202506301149", Path:"C:\\Users\\BEA2OFO\\Infineon\\Tools\\MCU-Config-Wizard\\2.7.6.202506301149\\/ConfigWizard.exe"}
2026/03/17 17:34:02 Starting "C:\\Users\\BEA2OFO\\Infineon\\Tools\\MCU-Config-Wizard\\2.7.6.202506301149\\/ConfigWizard.exe" with arguments []string{"C:\\Users\\BEA2OFO\\repos\\arch-source-code\\source_code\\ecp-001\\swcs\\mcu\\dev\\cfg\\tle_dfp\\config.icwp", "-q", "-ddevice=TLE9893_2QKW62S"}
2026/03/17 17:34:02 Starting "C:\\Users\\BEA2OFO\\Infineon\\Tools\\MCU-Config-Wizard\\2.7.6.202506301149\\/ConfigWizard.exe" in directory "C:\\Users\\BEA2OFO\\Infineon\\Tools\\MCU-Config-Wizard\\2.7.6.202506301149"
2026/03/17 17:34:02 Started "C:\\Users\\BEA2OFO\\Infineon\\Tools\\MCU-Config-Wizard\\2.7.6.202506301149\\/ConfigWizard.exe" as PID 21488
2026/03/17 17:34:02 Starting Launcher Service
2026/03/17 17:34:02 Starting "C:\\Users\\BEA2OFO\\Infineon\\LauncherService\\idc-launcher-service.exe" with arguments []string{"-featureid", "com.ifx.tb.tool.ifxconfigwizardforembeddedpowerics:2.7.6.202506301149", "-notification", "-toolbox.service", "checkUpdate com.ifx.tb.tool.ifxconfigwizardforembeddedpowerics"}
2026/03/17 17:34:02 Starting "C:\\Users\\BEA2OFO\\Infineon\\LauncherService\\idc-launcher-service.exe" in directory "C:\\Users\\BEA2OFO\\Infineon\\LauncherService"
2026/03/17 17:34:02 Started "C:\\Users\\BEA2OFO\\Infineon\\LauncherService\\idc-launcher-service.exe" as PID 3052
2026/03/17 17:35:50 Started Launch Tool 2.0.7
2026/03/17 17:35:50 Started as PID 3560
2026/03/17 17:35:50 Started with arguments []string{"C:\\Users\\BEA2OFO\\Infineon\\Tools\\MCU-Config-Wizard\\2.7.6.202506301149\\resources\\launch-tool.exe", "C:\\Users\\BEA2OFO\\repos\\arch-source-code\\source_code\\ecp-001\\swcs\\mcu\\dev\\pltf\\tle_dfp\\icw_ocn.xml", "-q", "-ddevice=TLE9893_2QKW62S", "-x"}
2026/03/17 17:35:50 Started in directory C:\Users\BEA2OFO\repos\arch-source-code\source_code\ecp-001\swcs\mcu
2026/03/17 17:35:50 Reading tool data
2026/03/17 17:35:50 Reading "C:\\Users\\BEA2OFO\\Infineon\\Tools\\MCU-Config-Wizard\\2.7.6.202506301149\\resources\\tool-details.json"
2026/03/17 17:35:50 Validating tool data
2026/03/17 17:35:50 Starting tool &main.Tool{FeatureID:"com.ifx.tb.tool.ifxconfigwizardforembeddedpowerics", Title:"Infineon MCU Configuration Wizard", Version:"2.7.6.202506301149", Path:"C:\\Users\\BEA2OFO\\Infineon\\Tools\\MCU-Config-Wizard\\2.7.6.202506301149\\/ConfigWizard.exe"}
2026/03/17 17:35:50 Starting "C:\\Users\\BEA2OFO\\Infineon\\Tools\\MCU-Config-Wizard\\2.7.6.202506301149\\/ConfigWizard.exe" with arguments []string{"C:\\Users\\BEA2OFO\\repos\\arch-source-code\\source_code\\ecp-001\\swcs\\mcu\\dev\\pltf\\tle_dfp\\icw_ocn.xml", "-q", "-ddevice=TLE9893_2QKW62S", "-x"}
2026/03/17 17:35:50 Starting "C:\\Users\\BEA2OFO\\Infineon\\Tools\\MCU-Config-Wizard\\2.7.6.202506301149\\/ConfigWizard.exe" in directory "C:\\Users\\BEA2OFO\\Infineon\\Tools\\MCU-Config-Wizard\\2.7.6.202506301149"
2026/03/17 17:35:50 Started "C:\\Users\\BEA2OFO\\Infineon\\Tools\\MCU-Config-Wizard\\2.7.6.202506301149\\/ConfigWizard.exe" as PID 22024
2026/03/17 17:35:50 Starting Launcher Service
2026/03/17 17:35:50 Starting "C:\\Users\\BEA2OFO\\Infineon\\LauncherService\\idc-launcher-service.exe" with arguments []string{"-featureid", "com.ifx.tb.tool.ifxconfigwizardforembeddedpowerics:2.7.6.202506301149", "-notification", "-toolbox.service", "checkUpdate com.ifx.tb.tool.ifxconfigwizardforembeddedpowerics"}
2026/03/17 17:35:50 Starting "C:\\Users\\BEA2OFO\\Infineon\\LauncherService\\idc-launcher-service.exe" in directory "C:\\Users\\BEA2OFO\\Infineon\\LauncherService"
2026/03/17 17:35:50 Started "C:\\Users\\BEA2OFO\\Infineon\\LauncherService\\idc-launcher-service.exe" as PID 26020
2026/03/17 17:35:50 Started Launch Tool 2.0.7
2026/03/17 17:35:50 Started as PID 16888
2026/03/17 17:35:50 Started with arguments []string{"C:\\Users\\BEA2OFO\\Infineon\\Tools\\MCU-Config-Wizard\\2.7.6.202506301149\\resources\\launch-tool.exe", "C:\\Users\\BEA2OFO\\repos\\arch-source-code\\source_code\\ecp-001\\swcs\\mcu\\dev\\cfg\\tle_dfp\\config.icwp", "-q", "-ddevice=TLE9893_2QKW62S"}
2026/03/17 17:35:50 Started in directory C:\Users\BEA2OFO\repos\arch-source-code\source_code\ecp-001\swcs\mcu
2026/03/17 17:35:50 Reading tool data
2026/03/17 17:35:50 Reading "C:\\Users\\BEA2OFO\\Infineon\\Tools\\MCU-Config-Wizard\\2.7.6.202506301149\\resources\\tool-details.json"
2026/03/17 17:35:50 Validating tool data
2026/03/17 17:35:50 Starting tool &main.Tool{FeatureID:"com.ifx.tb.tool.ifxconfigwizardforembeddedpowerics", Title:"Infineon MCU Configuration Wizard", Version:"2.7.6.202506301149", Path:"C:\\Users\\BEA2OFO\\Infineon\\Tools\\MCU-Config-Wizard\\2.7.6.202506301149\\/ConfigWizard.exe"}
2026/03/17 17:35:50 Starting "C:\\Users\\BEA2OFO\\Infineon\\Tools\\MCU-Config-Wizard\\2.7.6.202506301149\\/ConfigWizard.exe" with arguments []string{"C:\\Users\\BEA2OFO\\repos\\arch-source-code\\source_code\\ecp-001\\swcs\\mcu\\dev\\cfg\\tle_dfp\\config.icwp", "-q", "-ddevice=TLE9893_2QKW62S"}
2026/03/17 17:35:50 Starting "C:\\Users\\BEA2OFO\\Infineon\\Tools\\MCU-Config-Wizard\\2.7.6.202506301149\\/ConfigWizard.exe" in directory "C:\\Users\\BEA2OFO\\Infineon\\Tools\\MCU-Config-Wizard\\2.7.6.202506301149"
2026/03/17 17:35:50 Started "C:\\Users\\BEA2OFO\\Infineon\\Tools\\MCU-Config-Wizard\\2.7.6.202506301149\\/ConfigWizard.exe" as PID 22872
2026/03/17 17:35:50 Starting Launcher Service
2026/03/17 17:35:50 Starting "C:\\Users\\BEA2OFO\\Infineon\\LauncherService\\idc-launcher-service.exe" with arguments []string{"-featureid", "com.ifx.tb.tool.ifxconfigwizardforembeddedpowerics:2.7.6.202506301149", "-notification", "-toolbox.service", "checkUpdate com.ifx.tb.tool.ifxconfigwizardforembeddedpowerics"}
2026/03/17 17:35:50 Starting "C:\\Users\\BEA2OFO\\Infineon\\LauncherService\\idc-launcher-service.exe" in directory "C:\\Users\\BEA2OFO\\Infineon\\LauncherService"
2026/03/17 17:35:50 Started "C:\\Users\\BEA2OFO\\Infineon\\LauncherService\\idc-launcher-service.exe" as PID 25732
